<?xml version="1.0" encoding="UTF-8"?>
<testng-results ignored="0" total="1" passed="1" failed="0" skipped="0">
  <reporter-output>
    <line>
      <![CDATA[85No. of links]]>
    </line>
    <line>
      <![CDATA[https://phptravels.com/-OK]]>
    </line>
    <line>
      <![CDATA[https://phptravels.com/demo-OK]]>
    </line>
    <line>
      <![CDATA[https://phptravels.com/order-OK]]>
    </line>
    <line>
      <![CDATA[https://phptravels.com/features-OK]]>
    </line>
    <line>
      <![CDATA[https://phptravels.com/hotels-module-features/-OK]]>
    </line>
    <line>
      <![CDATA[https://phptravels.com/flights-module-features/-OK]]>
    </line>
    <line>
      <![CDATA[https://phptravels.com/tours-module-features/-OK]]>
    </line>
    <line>
      <![CDATA[https://phptravels.com/cars-module-features/-OK]]>
    </line>
    <line>
      <![CDATA[https://phptravels.com/offers-module-features/-OK]]>
    </line>
    <line>
      <![CDATA[https://phptravels.com/blog-module-features/-OK]]>
    </line>
    <line>
      <![CDATA[https://phptravels.com/newsletter-module-features/-OK]]>
    </line>
    <line>
      <![CDATA[https://phptravels.com/cms-module-features/-OK]]>
    </line>
    <line>
      <![CDATA[https://phptravels.com/integrations/-OK]]>
    </line>
    <line>
      <![CDATA[https://phptravels.com/services/-OK]]>
    </line>
    <line>
      <![CDATA[https://phptravels.com/integrations/-OK]]>
    </line>
    <line>
      <![CDATA[https://phptravels.com/customizations/-OK]]>
    </line>
    <line>
      <![CDATA[https://phptravels.com/expedia-xml-api-integration/-OK]]>
    </line>
    <line>
      <![CDATA[https://phptravels.com/travel-xml-api-suppliers-list/-OK]]>
    </line>
    <line>
      <![CDATA[https://phptravels.com/providers/-OK]]>
    </line>
    <line>
      <![CDATA[https://phptravels.com/technology/-OK]]>
    </line>
    <line>
      <![CDATA[https://phptravels.com/requirements/-OK]]>
    </line>
    <line>
      <![CDATA[https://phptravels.com/change-log/-OK]]>
    </line>
    <line>
      <![CDATA[https://phptravels.com/mobile-applications/-OK]]>
    </line>
    <line>
      <![CDATA[https://phptravels.com/desktop-application/-OK]]>
    </line>
    <line>
      <![CDATA[https://phptravels.com/updates/-OK]]>
    </line>
    <line>
      <![CDATA[https://phptravels.com/how-to-get-started/-OK]]>
    </line>
    <line>
      <![CDATA[https://docs.phptravels.com/-OK]]>
    </line>
    <line>
      <![CDATA[https://phptravels.com/blog-OK]]>
    </line>
    <line>
      <![CDATA[https://phptravels.com/earn-with-phptravels-OK]]>
    </line>
    <line>
      <![CDATA[https://phptravels.com/about-us/-OK]]>
    </line>
    <line>
      <![CDATA[https://phptravels.com/contact-us/-OK]]>
    </line>
    <line>
      <![CDATA[https://phptravels.com/partners/-OK]]>
    </line>
    <line>
      <![CDATA[https://phptravels.com/the-team/-OK]]>
    </line>
    <line>
      <![CDATA[https://phptravels.com/affiliate/-OK]]>
    </line>
    <line>
      <![CDATA[https://phptravels.com/media-kit/-OK]]>
    </line>
    <line>
      <![CDATA[https://phptravels.com/jobs/-OK]]>
    </line>
    <line>
      <![CDATA[https://phptravels.com/privacy-statement/-OK]]>
    </line>
    <line>
      <![CDATA[https://phptravels.com/terms-and-conditions/-OK]]>
    </line>
    <line>
      <![CDATA[https://phptravels.org/-OK]]>
    </line>
    <line>
      <![CDATA[https://phptravels.org/register.php-OK]]>
    </line>
    <line>
      <![CDATA[https://www.phptravels.net/login-Service Temporarily Unavailableis a broken link]]>
    </line>
    <line>
      <![CDATA[https://www.phptravels.net/login-Service Temporarily Unavailableis a broken link]]>
    </line>
    <line>
      <![CDATA[https://www.phptravels.net/login-Service Temporarily Unavailableis a broken link]]>
    </line>
    <line>
      <![CDATA[https://www.phptravels.net/login-Service Temporarily Unavailableis a broken link]]>
    </line>
    <line>
      <![CDATA[https://www.phptravels.net/admin-Service Temporarily Unavailableis a broken link]]>
    </line>
    <line>
      <![CDATA[https://www.phptravels.net/admin-Service Temporarily Unavailableis a broken link]]>
    </line>
    <line>
      <![CDATA[https://www.phptravels.net/supplier-Service Temporarily Unavailableis a broken link]]>
    </line>
    <line>
      <![CDATA[https://www.phptravels.net/supplier-Service Temporarily Unavailableis a broken link]]>
    </line>
    <line>
      <![CDATA[https://phptravels.com/mobile-applications/-OK]]>
    </line>
    <line>
      <![CDATA[https://itunes.apple.com/us/app/travels-native/id1297567389-OK]]>
    </line>
    <line>
      <![CDATA[https://phptravels.com/mobile-applications/-OK]]>
    </line>
    <line>
      <![CDATA[https://play.google.com/store/apps/details?id=com.phptravelsnative-OK]]>
    </line>
    <line>
      <![CDATA[https://phptravels.com/-OK]]>
    </line>
    <line>
      <![CDATA[https://phptravels.com/desktop-application/-OK]]>
    </line>
    <line>
      <![CDATA[https://phptravels.com/mobile-applications/-OK]]>
    </line>
    <line>
      <![CDATA[https://phptravels.com/features/-OK]]>
    </line>
    <line>
      <![CDATA[https://phptravels.com/requirements/-OK]]>
    </line>
    <line>
      <![CDATA[https://phptravels.com/technology/-OK]]>
    </line>
    <line>
      <![CDATA[https://phptravels.com/change-log/-OK]]>
    </line>
    <line>
      <![CDATA[https://phptravels.com/updates/-OK]]>
    </line>
    <line>
      <![CDATA[https://phptravels.com/providers/-OK]]>
    </line>
    <line>
      <![CDATA[https://phptravels.com/affiliate/-OK]]>
    </line>
    <line>
      <![CDATA[https://phptravels.com/roadmap/-OK]]>
    </line>
    <line>
      <![CDATA[https://phptravels.com/services/-OK]]>
    </line>
    <line>
      <![CDATA[https://phptravels.com/customizations/-OK]]>
    </line>
    <line>
      <![CDATA[https://phptravels.com/change-log/-OK]]>
    </line>
    <line>
      <![CDATA[https://phptravels.com/expedia-api-integration/-OK]]>
    </line>
    <line>
      <![CDATA[https://phptravels.com/shared-hosting/-OK]]>
    </line>
    <line>
      <![CDATA[https://phptravels.com/blog/-OK]]>
    </line>
    <line>
      <![CDATA[https://phptravels.com/about-us/-OK]]>
    </line>
    <line>
      <![CDATA[https://phptravels.com/contact-us/-OK]]>
    </line>
    <line>
      <![CDATA[https://phptravels.com/jobs/-OK]]>
    </line>
    <line>
      <![CDATA[https://phptravels.com/the-team/-OK]]>
    </line>
    <line>
      <![CDATA[https://www.facebook.com/phptravels/-OK]]>
    </line>
    <line>
      <![CDATA[https://www.youtube.com/c/phptravelsofficial-OK]]>
    </line>
    <line>
      <![CDATA[https://www.twitter.com/phptravels-OK]]>
    </line>
    <line>
      <![CDATA[https://www.linkedin.com/company/phptravels/-Request deniedis a broken link]]>
    </line>
    <line>
      <![CDATA[https://www.instagram.com/phptravels_/-OK]]>
    </line>
    <line>
      <![CDATA[https://phptravels.com/terms-and-conditions/-OK]]>
    </line>
    <line>
      <![CDATA[https://phptravels.com/privacy-statement/-OK]]>
    </line>
    <line>
      <![CDATA[https://direct.lc.chat/4618001/-OK]]>
    </line>
    <line>
      <![CDATA[https://phptravels.com/earn-with-phptravels-OK]]>
    </line>
    <line>
      <![CDATA[https://phptravels.com/chat/-OK]]>
    </line>
    <line>
      <![CDATA[https://wa.me/923311442244-OK]]>
    </line>
  </reporter-output>
  <suite started-at="2022-03-11T12:50:31 EST" name="Default suite" finished-at="2022-03-11T12:51:08 EST" duration-ms="37038">
    <groups>
    </groups>
    <test started-at="2022-03-11T12:50:31 EST" name="Default test" finished-at="2022-03-11T12:51:08 EST" duration-ms="37038">
      <class name="com.automation.practice4.brokenLinksVerify">
        <test-method signature="links()[pri:0, instance:com.automation.practice4.brokenLinksVerify@61d34b4]" started-at="2022-03-11T12:50:31 EST" name="links" finished-at="2022-03-11T12:51:08 EST" duration-ms="36969" status="PASS">
          <reporter-output>
            <line>
              <![CDATA[85No. of links]]>
            </line>
            <line>
              <![CDATA[https://phptravels.com/-OK]]>
            </line>
            <line>
              <![CDATA[https://phptravels.com/demo-OK]]>
            </line>
            <line>
              <![CDATA[https://phptravels.com/order-OK]]>
            </line>
            <line>
              <![CDATA[https://phptravels.com/features-OK]]>
            </line>
            <line>
              <![CDATA[https://phptravels.com/hotels-module-features/-OK]]>
            </line>
            <line>
              <![CDATA[https://phptravels.com/flights-module-features/-OK]]>
            </line>
            <line>
              <![CDATA[https://phptravels.com/tours-module-features/-OK]]>
            </line>
            <line>
              <![CDATA[https://phptravels.com/cars-module-features/-OK]]>
            </line>
            <line>
              <![CDATA[https://phptravels.com/offers-module-features/-OK]]>
            </line>
            <line>
              <![CDATA[https://phptravels.com/blog-module-features/-OK]]>
            </line>
            <line>
              <![CDATA[https://phptravels.com/newsletter-module-features/-OK]]>
            </line>
            <line>
              <![CDATA[https://phptravels.com/cms-module-features/-OK]]>
            </line>
            <line>
              <![CDATA[https://phptravels.com/integrations/-OK]]>
            </line>
            <line>
              <![CDATA[https://phptravels.com/services/-OK]]>
            </line>
            <line>
              <![CDATA[https://phptravels.com/integrations/-OK]]>
            </line>
            <line>
              <![CDATA[https://phptravels.com/customizations/-OK]]>
            </line>
            <line>
              <![CDATA[https://phptravels.com/expedia-xml-api-integration/-OK]]>
            </line>
            <line>
              <![CDATA[https://phptravels.com/travel-xml-api-suppliers-list/-OK]]>
            </line>
            <line>
              <![CDATA[https://phptravels.com/providers/-OK]]>
            </line>
            <line>
              <![CDATA[https://phptravels.com/technology/-OK]]>
            </line>
            <line>
              <![CDATA[https://phptravels.com/requirements/-OK]]>
            </line>
            <line>
              <![CDATA[https://phptravels.com/change-log/-OK]]>
            </line>
            <line>
              <![CDATA[https://phptravels.com/mobile-applications/-OK]]>
            </line>
            <line>
              <![CDATA[https://phptravels.com/desktop-application/-OK]]>
            </line>
            <line>
              <![CDATA[https://phptravels.com/updates/-OK]]>
            </line>
            <line>
              <![CDATA[https://phptravels.com/how-to-get-started/-OK]]>
            </line>
            <line>
              <![CDATA[https://docs.phptravels.com/-OK]]>
            </line>
            <line>
              <![CDATA[https://phptravels.com/blog-OK]]>
            </line>
            <line>
              <![CDATA[https://phptravels.com/earn-with-phptravels-OK]]>
            </line>
            <line>
              <![CDATA[https://phptravels.com/about-us/-OK]]>
            </line>
            <line>
              <![CDATA[https://phptravels.com/contact-us/-OK]]>
            </line>
            <line>
              <![CDATA[https://phptravels.com/partners/-OK]]>
            </line>
            <line>
              <![CDATA[https://phptravels.com/the-team/-OK]]>
            </line>
            <line>
              <![CDATA[https://phptravels.com/affiliate/-OK]]>
            </line>
            <line>
              <![CDATA[https://phptravels.com/media-kit/-OK]]>
            </line>
            <line>
              <![CDATA[https://phptravels.com/jobs/-OK]]>
            </line>
            <line>
              <![CDATA[https://phptravels.com/privacy-statement/-OK]]>
            </line>
            <line>
              <![CDATA[https://phptravels.com/terms-and-conditions/-OK]]>
            </line>
            <line>
              <![CDATA[https://phptravels.org/-OK]]>
            </line>
            <line>
              <![CDATA[https://phptravels.org/register.php-OK]]>
            </line>
            <line>
              <![CDATA[https://www.phptravels.net/login-Service Temporarily Unavailableis a broken link]]>
            </line>
            <line>
              <![CDATA[https://www.phptravels.net/login-Service Temporarily Unavailableis a broken link]]>
            </line>
            <line>
              <![CDATA[https://www.phptravels.net/login-Service Temporarily Unavailableis a broken link]]>
            </line>
            <line>
              <![CDATA[https://www.phptravels.net/login-Service Temporarily Unavailableis a broken link]]>
            </line>
            <line>
              <![CDATA[https://www.phptravels.net/admin-Service Temporarily Unavailableis a broken link]]>
            </line>
            <line>
              <![CDATA[https://www.phptravels.net/admin-Service Temporarily Unavailableis a broken link]]>
            </line>
            <line>
              <![CDATA[https://www.phptravels.net/supplier-Service Temporarily Unavailableis a broken link]]>
            </line>
            <line>
              <![CDATA[https://www.phptravels.net/supplier-Service Temporarily Unavailableis a broken link]]>
            </line>
            <line>
              <![CDATA[https://phptravels.com/mobile-applications/-OK]]>
            </line>
            <line>
              <![CDATA[https://itunes.apple.com/us/app/travels-native/id1297567389-OK]]>
            </line>
            <line>
              <![CDATA[https://phptravels.com/mobile-applications/-OK]]>
            </line>
            <line>
              <![CDATA[https://play.google.com/store/apps/details?id=com.phptravelsnative-OK]]>
            </line>
            <line>
              <![CDATA[https://phptravels.com/-OK]]>
            </line>
            <line>
              <![CDATA[https://phptravels.com/desktop-application/-OK]]>
            </line>
            <line>
              <![CDATA[https://phptravels.com/mobile-applications/-OK]]>
            </line>
            <line>
              <![CDATA[https://phptravels.com/features/-OK]]>
            </line>
            <line>
              <![CDATA[https://phptravels.com/requirements/-OK]]>
            </line>
            <line>
              <![CDATA[https://phptravels.com/technology/-OK]]>
            </line>
            <line>
              <![CDATA[https://phptravels.com/change-log/-OK]]>
            </line>
            <line>
              <![CDATA[https://phptravels.com/updates/-OK]]>
            </line>
            <line>
              <![CDATA[https://phptravels.com/providers/-OK]]>
            </line>
            <line>
              <![CDATA[https://phptravels.com/affiliate/-OK]]>
            </line>
            <line>
              <![CDATA[https://phptravels.com/roadmap/-OK]]>
            </line>
            <line>
              <![CDATA[https://phptravels.com/services/-OK]]>
            </line>
            <line>
              <![CDATA[https://phptravels.com/customizations/-OK]]>
            </line>
            <line>
              <![CDATA[https://phptravels.com/change-log/-OK]]>
            </line>
            <line>
              <![CDATA[https://phptravels.com/expedia-api-integration/-OK]]>
            </line>
            <line>
              <![CDATA[https://phptravels.com/shared-hosting/-OK]]>
            </line>
            <line>
              <![CDATA[https://phptravels.com/blog/-OK]]>
            </line>
            <line>
              <![CDATA[https://phptravels.com/about-us/-OK]]>
            </line>
            <line>
              <![CDATA[https://phptravels.com/contact-us/-OK]]>
            </line>
            <line>
              <![CDATA[https://phptravels.com/jobs/-OK]]>
            </line>
            <line>
              <![CDATA[https://phptravels.com/the-team/-OK]]>
            </line>
            <line>
              <![CDATA[https://www.facebook.com/phptravels/-OK]]>
            </line>
            <line>
              <![CDATA[https://www.youtube.com/c/phptravelsofficial-OK]]>
            </line>
            <line>
              <![CDATA[https://www.twitter.com/phptravels-OK]]>
            </line>
            <line>
              <![CDATA[https://www.linkedin.com/company/phptravels/-Request deniedis a broken link]]>
            </line>
            <line>
              <![CDATA[https://www.instagram.com/phptravels_/-OK]]>
            </line>
            <line>
              <![CDATA[https://phptravels.com/terms-and-conditions/-OK]]>
            </line>
            <line>
              <![CDATA[https://phptravels.com/privacy-statement/-OK]]>
            </line>
            <line>
              <![CDATA[https://direct.lc.chat/4618001/-OK]]>
            </line>
            <line>
              <![CDATA[https://phptravels.com/earn-with-phptravels-OK]]>
            </line>
            <line>
              <![CDATA[https://phptravels.com/chat/-OK]]>
            </line>
            <line>
              <![CDATA[https://wa.me/923311442244-OK]]>
            </line>
          </reporter-output>
        </test-method> <!-- links -->
      </class> <!-- com.automation.practice4.brokenLinksVerify -->
    </test> <!-- Default test -->
  </suite> <!-- Default suite -->
</testng-results>
